<?xml version="1.0" encoding="UTF-8"?>
<!-- Generated by org.testng.reporters.JUnitReportReporter -->
<testsuite hostname="Marco" failures="0" tests="2" name="TestGetUsers" time="2.737" errors="0" timestamp="2022-05-08T23:34:15 CLT" skipped="0">
  <testcase classname="TestGetUsers" name="test_Get02" time="0.864"/>
  <system-out/>
  <testcase classname="TestGetUsers" name="test_Get01" time="1.873"/>
  <system-out/>
</testsuite> <!-- TestGetUsers -->
