<?xml version="1.0" encoding="UTF-8"?>
<!-- Generated by org.testng.reporters.JUnitReportReporter -->
<testsuite hostname="Marco" failures="0" tests="1" name="TestPatchEditUser" time="2.413" errors="0" timestamp="2022-05-08T22:38:47 CLT" skipped="0">
  <testcase classname="TestPatchEditUser" name="test_Patch01" time="2.413"/>
  <system-out/>
</testsuite> <!-- TestPatchEditUser -->
