<?xml version="1.0" encoding="UTF-8"?>
<!-- Generated by org.testng.reporters.JUnitReportReporter -->
<testsuite hostname="Marco" failures="0" tests="2" name="TestPostCreateUser" time="1.051" errors="0" timestamp="2022-05-08T22:24:42 CLT" skipped="0">
  <testcase classname="TestPostCreateUser" name="test_Post02" time="0.512"/>
  <system-out/>
  <testcase classname="TestPostCreateUser" name="test_Post01" time="0.539"/>
  <system-out/>
</testsuite> <!-- TestPostCreateUser -->
